# Logfile created on 2024-04-25 16:11:41 +0900 by logger.rb/v1.5.3
I, [2024-04-25T16:11:41.669787 #2279]  INFO -- : [
I, [2024-04-25T16:11:41.671992 #2279]  INFO -- : :
I, [2024-04-25T16:11:41.673014 #2279]  INFO -- : t
I, [2024-04-25T16:11:41.673819 #2279]  INFO -- : e
I, [2024-04-25T16:11:41.674493 #2279]  INFO -- : ,
I, [2024-04-25T16:13:23.283465 #2308]  INFO -- : 
I, [2024-04-25T16:13:23.284627 #2308]  INFO -- : :
I, [2024-04-25T16:13:23.285178 #2308]  INFO -- : th
I, [2024-04-25T16:13:23.285561 #2308]  INFO -- : e_o
I, [2024-04-25T16:13:23.285853 #2308]  INFO -- : , :r
I, [2024-04-25T16:13:49.060390 #2329]  INFO -- : test
I, [2024-04-25T16:13:49.061623 #2329]  INFO -- : test
I, [2024-04-25T16:13:49.062195 #2329]  INFO -- : test
I, [2024-04-25T16:13:49.062524 #2329]  INFO -- : test
I, [2024-04-25T16:13:49.062890 #2329]  INFO -- : test
I, [2024-04-25T16:13:58.689547 #2329]  INFO -- : test
I, [2024-04-25T16:13:58.691753 #2329]  INFO -- : test
I, [2024-04-25T16:13:58.692585 #2329]  INFO -- : test
I, [2024-04-25T16:13:58.693125 #2329]  INFO -- : test
I, [2024-04-25T16:13:58.693562 #2329]  INFO -- : test
