D, [2024-04-24T16:46:41.487360 #3029] DEBUG -- : #<MatchData "commands" cmd:"commands" args:"">
D, [2024-04-24T16:46:41.488736 #3029] DEBUG -- : [:insert_item, :new_flow, :delete_item_at, :item_name_at, :delete_flow, :delete_item, :exit, :quit, :commands, :test, :call, :cmd_win=, :q, :push_item, :to_yaml, :hash, :singleton_class, :dup, :itself, :methods, :singleton_methods, :protected_methods, :private_methods, :public_methods, :instance_variables, :instance_variable_get, :instance_variable_set, :instance_variable_defined?, :remove_instance_variable, :instance_of?, :kind_of?, :is_a?, :display, :public_send, :extend, :clone, :<=>, :class, :===, :!~, :frozen?, :then, :tap, :nil?, :yield_self, :eql?, :respond_to?, :method, :public_method, :singleton_method, :define_singleton_method, :freeze, :inspect, :object_id, :send, :to_s, :to_enum, :enum_for, :!, :equal?, :__id__, :__send__, :==, :!=, :instance_eval, :instance_exec]
D, [2024-04-24T16:46:45.404515 #3029] DEBUG -- : #<MatchData "q" cmd:"q" args:"">
D, [2024-04-24T16:47:16.805454 #3048] DEBUG -- : #<MatchData "commands" cmd:"commands" args:"">
D, [2024-04-24T16:47:16.806592 #3048] DEBUG -- : [:insert_item, :new_flow, :delete_item_at, :item_name_at, :delete_flow, :delete_item, :exit, :quit, :commands, :test, :call, :cmd_win=, :q, :push_item, :to_yaml, :hash, :singleton_class, :dup, :itself, :methods, :singleton_methods, :protected_methods, :private_methods, :public_methods, :instance_variables, :instance_variable_get, :instance_variable_set, :instance_variable_defined?, :remove_instance_variable, :instance_of?, :kind_of?, :is_a?, :display, :public_send, :extend, :clone, :<=>, :class, :===, :!~, :frozen?, :then, :tap, :nil?, :yield_self, :eql?, :respond_to?, :method, :public_method, :singleton_method, :define_singleton_method, :freeze, :inspect, :object_id, :send, :to_s, :to_enum, :enum_for, :!, :equal?, :__id__, :__send__, :==, :!=, :instance_eval, :instance_exec]
D, [2024-04-24T16:48:23.128228 #3067] DEBUG -- : #<MatchData "commandns" cmd:"commandns" args:"">
D, [2024-04-24T16:48:26.498091 #3067] DEBUG -- : #<MatchData "commands" cmd:"commands" args:"">
D, [2024-04-24T16:48:26.499487 #3067] DEBUG -- : [:insert_item, :new_flow, :delete_item_at, :item_name_at, :delete_flow, :delete_item, :exit, :quit, :commands, :test, :call, :cmd_win=, :q, :push_item, :to_yaml, :hash, :singleton_class, :dup, :itself, :methods, :singleton_methods, :protected_methods, :private_methods, :public_methods, :instance_variables, :instance_variable_get, :instance_variable_set, :instance_variable_defined?, :remove_instance_variable, :instance_of?, :kind_of?, :is_a?, :display, :public_send, :extend, :clone, :<=>, :class, :===, :!~, :frozen?, :then, :tap, :nil?, :yield_self, :eql?, :respond_to?, :method, :public_method, :singleton_method, :define_singleton_method, :freeze, :inspect, :object_id, :send, :to_s, :to_enum, :enum_for, :!, :equal?, :__id__, :__send__, :==, :!=, :instance_eval, :instance_exec]
D, [2024-04-24T16:50:49.225849 #3067] DEBUG -- : #<MatchData "q" cmd:"q" args:"">
D, [2024-04-25T16:06:17.974652 #2202] DEBUG -- : #<MatchData "commands" cmd:"commands" args:"">
D, [2024-04-25T16:06:17.978216 #2202] DEBUG -- : [:insert_item, :new_flow, :delete_item_at, :item_name_at, :delete_flow, :delete_item, :exit, :quit, :commands, :test, :call, :cmd_win=, :q, :push_item, :to_yaml, :hash, :singleton_class, :dup, :itself, :methods, :singleton_methods, :protected_methods, :private_methods, :public_methods, :instance_variables, :instance_variable_get, :instance_variable_set, :instance_variable_defined?, :remove_instance_variable, :instance_of?, :kind_of?, :is_a?, :display, :public_send, :extend, :clone, :<=>, :class, :===, :!~, :frozen?, :then, :tap, :nil?, :yield_self, :eql?, :respond_to?, :method, :public_method, :singleton_method, :define_singleton_method, :freeze, :inspect, :object_id, :send, :to_s, :to_enum, :enum_for, :!, :equal?, :__id__, :__send__, :==, :!=, :instance_eval, :instance_exec]
D, [2024-04-25T16:06:29.136502 #2202] DEBUG -- : #<MatchData "command" cmd:"command" args:"">
D, [2024-04-25T16:11:08.166125 #2202] DEBUG -- : #<MatchData "q" cmd:"q" args:"">
D, [2024-04-25T16:11:13.852209 #2279] DEBUG -- : #<MatchData "ruby " cmd:"ruby" args:"">
D, [2024-04-25T16:11:16.937783 #2279] DEBUG -- : #<MatchData "rpby" cmd:"rpby" args:"">
D, [2024-04-25T16:11:20.415726 #2279] DEBUG -- : #<MatchData "ruby  aa" cmd:"ruby" args:"aa">
D, [2024-04-25T16:11:33.478353 #2279] DEBUG -- : #<MatchData "test" cmd:"test" args:"">
D, [2024-04-25T16:11:38.604890 #2279] DEBUG -- : #<MatchData "aaa" cmd:"aaa" args:"">
D, [2024-04-25T16:11:41.666103 #2279] DEBUG -- : #<MatchData "commands" cmd:"commands" args:"">
D, [2024-04-25T16:11:41.667764 #2279] DEBUG -- : [:insert_item, :new_flow, :delete_item_at, :item_name_at, :delete_flow, :delete_item, :exit, :quit, :commands, :test, :call, :cmd_win=, :q, :push_item, :to_yaml, :hash, :singleton_class, :dup, :itself, :methods, :singleton_methods, :protected_methods, :private_methods, :public_methods, :instance_variables, :instance_variable_get, :instance_variable_set, :instance_variable_defined?, :remove_instance_variable, :instance_of?, :kind_of?, :is_a?, :display, :public_send, :extend, :clone, :<=>, :class, :===, :!~, :frozen?, :then, :tap, :nil?, :yield_self, :eql?, :respond_to?, :method, :public_method, :singleton_method, :define_singleton_method, :freeze, :inspect, :object_id, :send, :to_s, :to_enum, :enum_for, :!, :equal?, :__id__, :__send__, :==, :!=, :instance_eval, :instance_exec]
D, [2024-04-25T16:11:44.331716 #2279] DEBUG -- : #<MatchData "q" cmd:"q" args:"">
D, [2024-04-25T16:13:23.281771 #2308] DEBUG -- : #<MatchData "commands" cmd:"commands" args:"">
D, [2024-04-25T16:13:23.282929 #2308] DEBUG -- : [:insert_item, :new_flow, :delete_item_at, :item_name_at, :delete_flow, :delete_item, :exit, :quit, :commands, :test, :call, :cmd_win=, :q, :push_item, :to_yaml, :hash, :singleton_class, :dup, :itself, :methods, :singleton_methods, :protected_methods, :private_methods, :public_methods, :instance_variables, :instance_variable_get, :instance_variable_set, :instance_variable_defined?, :remove_instance_variable, :instance_of?, :kind_of?, :is_a?, :display, :public_send, :extend, :clone, :<=>, :class, :===, :!~, :frozen?, :then, :tap, :nil?, :yield_self, :eql?, :respond_to?, :method, :public_method, :singleton_method, :define_singleton_method, :freeze, :inspect, :object_id, :send, :to_s, :to_enum, :enum_for, :!, :equal?, :__id__, :__send__, :==, :!=, :instance_eval, :instance_exec]
D, [2024-04-25T16:13:27.387193 #2308] DEBUG -- : #<MatchData "q" cmd:"q" args:"">
D, [2024-04-25T16:13:49.058818 #2329] DEBUG -- : #<MatchData "commands" cmd:"commands" args:"">
D, [2024-04-25T16:13:49.059908 #2329] DEBUG -- : [:insert_item, :new_flow, :delete_item_at, :item_name_at, :delete_flow, :delete_item, :exit, :quit, :commands, :test, :call, :cmd_win=, :q, :push_item, :to_yaml, :hash, :singleton_class, :dup, :itself, :methods, :singleton_methods, :protected_methods, :private_methods, :public_methods, :instance_variables, :instance_variable_get, :instance_variable_set, :instance_variable_defined?, :remove_instance_variable, :instance_of?, :kind_of?, :is_a?, :display, :public_send, :extend, :clone, :<=>, :class, :===, :!~, :frozen?, :then, :tap, :nil?, :yield_self, :eql?, :respond_to?, :method, :public_method, :singleton_method, :define_singleton_method, :freeze, :inspect, :object_id, :send, :to_s, :to_enum, :enum_for, :!, :equal?, :__id__, :__send__, :==, :!=, :instance_eval, :instance_exec]
D, [2024-04-25T16:13:54.082511 #2329] DEBUG -- : #<MatchData "test" cmd:"test" args:"">
D, [2024-04-25T16:13:58.687369 #2329] DEBUG -- : #<MatchData "commands" cmd:"commands" args:"">
D, [2024-04-25T16:13:58.688834 #2329] DEBUG -- : [:insert_item, :new_flow, :delete_item_at, :item_name_at, :delete_flow, :delete_item, :exit, :quit, :commands, :test, :call, :cmd_win=, :q, :push_item, :to_yaml, :hash, :singleton_class, :dup, :itself, :methods, :singleton_methods, :protected_methods, :private_methods, :public_methods, :instance_variables, :instance_variable_get, :instance_variable_set, :instance_variable_defined?, :remove_instance_variable, :instance_of?, :kind_of?, :is_a?, :display, :public_send, :extend, :clone, :<=>, :class, :===, :!~, :frozen?, :then, :tap, :nil?, :yield_self, :eql?, :respond_to?, :method, :public_method, :singleton_method, :define_singleton_method, :freeze, :inspect, :object_id, :send, :to_s, :to_enum, :enum_for, :!, :equal?, :__id__, :__send__, :==, :!=, :instance_eval, :instance_exec]
D, [2024-04-25T16:14:10.221567 #2329] DEBUG -- : #<MatchData "q" cmd:"q" args:"">
D, [2024-04-25T16:15:05.373470 #2348] DEBUG -- : #<MatchData "commands" cmd:"commands" args:"">
D, [2024-04-25T16:15:05.374637 #2348] DEBUG -- : [:insert_item, :new_flow, :delete_item_at, :item_name_at, :delete_flow, :delete_item, :exit, :quit, :commands, :test, :call, :cmd_win=, :q, :push_item, :to_yaml, :hash, :singleton_class, :dup, :itself, :methods, :singleton_methods, :protected_methods, :private_methods, :public_methods, :instance_variables, :instance_variable_get, :instance_variable_set, :instance_variable_defined?, :remove_instance_variable, :instance_of?, :kind_of?, :is_a?, :display, :public_send, :extend, :clone, :<=>, :class, :===, :!~, :frozen?, :then, :tap, :nil?, :yield_self, :eql?, :respond_to?, :method, :public_method, :singleton_method, :define_singleton_method, :freeze, :inspect, :object_id, :send, :to_s, :to_enum, :enum_for, :!, :equal?, :__id__, :__send__, :==, :!=, :instance_eval, :instance_exec]
D, [2024-04-25T16:15:23.026635 #2364] DEBUG -- : #<MatchData "commands" cmd:"commands" args:"">
D, [2024-04-25T16:15:23.027719 #2364] DEBUG -- : [:insert_item, :new_flow, :delete_item_at, :item_name_at, :delete_flow, :delete_item, :exit, :quit, :commands, :test, :call, :cmd_win=, :q, :push_item, :to_yaml, :hash, :singleton_class, :dup, :itself, :methods, :singleton_methods, :protected_methods, :private_methods, :public_methods, :instance_variables, :instance_variable_get, :instance_variable_set, :instance_variable_defined?, :remove_instance_variable, :instance_of?, :kind_of?, :is_a?, :display, :public_send, :extend, :clone, :<=>, :class, :===, :!~, :frozen?, :then, :tap, :nil?, :yield_self, :eql?, :respond_to?, :method, :public_method, :singleton_method, :define_singleton_method, :freeze, :inspect, :object_id, :send, :to_s, :to_enum, :enum_for, :!, :equal?, :__id__, :__send__, :==, :!=, :instance_eval, :instance_exec]
D, [2024-04-25T16:15:37.828481 #2364] DEBUG -- : #<MatchData "test" cmd:"test" args:"">
D, [2024-04-25T16:16:17.191011 #2364] DEBUG -- : #<MatchData "q" cmd:"q" args:"">
D, [2024-04-25T16:16:20.462503 #2380] DEBUG -- : #<MatchData "commands" cmd:"commands" args:"">
D, [2024-04-25T16:16:20.463655 #2380] DEBUG -- : [:insert_item, :new_flow, :delete_item_at, :item_name_at, :delete_flow, :delete_item, :exit, :quit, :commands, :test, :call, :cmd_win=, :q, :push_item, :to_yaml, :hash, :singleton_class, :dup, :itself, :methods, :singleton_methods, :protected_methods, :private_methods, :public_methods, :instance_variables, :instance_variable_get, :instance_variable_set, :instance_variable_defined?, :remove_instance_variable, :instance_of?, :kind_of?, :is_a?, :display, :public_send, :extend, :clone, :<=>, :class, :===, :!~, :frozen?, :then, :tap, :nil?, :yield_self, :eql?, :respond_to?, :method, :public_method, :singleton_method, :define_singleton_method, :freeze, :inspect, :object_id, :send, :to_s, :to_enum, :enum_for, :!, :equal?, :__id__, :__send__, :==, :!=, :instance_eval, :instance_exec]
D, [2024-04-25T16:16:33.788563 #2396] DEBUG -- : #<MatchData "commands" cmd:"commands" args:"">
D, [2024-04-25T16:16:33.789630 #2396] DEBUG -- : [:insert_item, :new_flow, :delete_item_at, :item_name_at, :delete_flow, :delete_item, :exit, :quit, :commands, :test, :call, :cmd_win=, :q, :push_item, :to_yaml, :hash, :singleton_class, :dup, :itself, :methods, :singleton_methods, :protected_methods, :private_methods, :public_methods, :instance_variables, :instance_variable_get, :instance_variable_set, :instance_variable_defined?, :remove_instance_variable, :instance_of?, :kind_of?, :is_a?, :display, :public_send, :extend, :clone, :<=>, :class, :===, :!~, :frozen?, :then, :tap, :nil?, :yield_self, :eql?, :respond_to?, :method, :public_method, :singleton_method, :define_singleton_method, :freeze, :inspect, :object_id, :send, :to_s, :to_enum, :enum_for, :!, :equal?, :__id__, :__send__, :==, :!=, :instance_eval, :instance_exec]
D, [2024-04-25T16:16:41.667346 #2396] DEBUG -- : #<MatchData "commands" cmd:"commands" args:"">
D, [2024-04-25T16:16:41.668741 #2396] DEBUG -- : [:insert_item, :new_flow, :delete_item_at, :item_name_at, :delete_flow, :delete_item, :exit, :quit, :commands, :test, :call, :cmd_win=, :q, :push_item, :to_yaml, :hash, :singleton_class, :dup, :itself, :methods, :singleton_methods, :protected_methods, :private_methods, :public_methods, :instance_variables, :instance_variable_get, :instance_variable_set, :instance_variable_defined?, :remove_instance_variable, :instance_of?, :kind_of?, :is_a?, :display, :public_send, :extend, :clone, :<=>, :class, :===, :!~, :frozen?, :then, :tap, :nil?, :yield_self, :eql?, :respond_to?, :method, :public_method, :singleton_method, :define_singleton_method, :freeze, :inspect, :object_id, :send, :to_s, :to_enum, :enum_for, :!, :equal?, :__id__, :__send__, :==, :!=, :instance_eval, :instance_exec]
D, [2024-04-25T16:17:37.472287 #2396] DEBUG -- : #<MatchData "test" cmd:"test" args:"">
D, [2024-04-25T16:17:40.000845 #2396] DEBUG -- : #<MatchData "q" cmd:"q" args:"">
D, [2024-04-25T16:17:43.851524 #2423] DEBUG -- : #<MatchData "commands" cmd:"commands" args:"">
D, [2024-04-25T16:17:43.852594 #2423] DEBUG -- : [:insert_item, :new_flow, :delete_item_at, :item_name_at, :delete_flow, :delete_item, :exit, :quit, :commands, :test, :call, :cmd_win=, :q, :push_item, :to_yaml, :hash, :singleton_class, :dup, :itself, :methods, :singleton_methods, :protected_methods, :private_methods, :public_methods, :instance_variables, :instance_variable_get, :instance_variable_set, :instance_variable_defined?, :remove_instance_variable, :instance_of?, :kind_of?, :is_a?, :display, :public_send, :extend, :clone, :<=>, :class, :===, :!~, :frozen?, :then, :tap, :nil?, :yield_self, :eql?, :respond_to?, :method, :public_method, :singleton_method, :define_singleton_method, :freeze, :inspect, :object_id, :send, :to_s, :to_enum, :enum_for, :!, :equal?, :__id__, :__send__, :==, :!=, :instance_eval, :instance_exec]
D, [2024-04-25T16:17:52.803396 #2423] DEBUG -- : #<MatchData "commands" cmd:"commands" args:"">
D, [2024-04-25T16:17:52.804848 #2423] DEBUG -- : [:insert_item, :new_flow, :delete_item_at, :item_name_at, :delete_flow, :delete_item, :exit, :quit, :commands, :test, :call, :cmd_win=, :q, :push_item, :to_yaml, :hash, :singleton_class, :dup, :itself, :methods, :singleton_methods, :protected_methods, :private_methods, :public_methods, :instance_variables, :instance_variable_get, :instance_variable_set, :instance_variable_defined?, :remove_instance_variable, :instance_of?, :kind_of?, :is_a?, :display, :public_send, :extend, :clone, :<=>, :class, :===, :!~, :frozen?, :then, :tap, :nil?, :yield_self, :eql?, :respond_to?, :method, :public_method, :singleton_method, :define_singleton_method, :freeze, :inspect, :object_id, :send, :to_s, :to_enum, :enum_for, :!, :equal?, :__id__, :__send__, :==, :!=, :instance_eval, :instance_exec]
D, [2024-04-25T16:18:01.278539 #2423] DEBUG -- : #<MatchData "q" cmd:"q" args:"">
D, [2024-04-25T16:20:20.661295 #2462] DEBUG -- : #<MatchData "commands" cmd:"commands" args:"">
D, [2024-04-25T16:20:20.661978 #2462] DEBUG -- : [:insert_item, :new_flow, :delete_item_at, :item_name_at, :delete_flow, :delete_item, :exit, :quit, :commands, :test, :call, :cmd_win=, :q, :push_item]
D, [2024-04-25T16:20:30.348389 #2462] DEBUG -- : #<MatchData "commands" cmd:"commands" args:"">
D, [2024-04-25T16:20:30.349348 #2462] DEBUG -- : [:insert_item, :new_flow, :delete_item_at, :item_name_at, :delete_flow, :delete_item, :exit, :quit, :commands, :test, :call, :cmd_win=, :q, :push_item]
D, [2024-04-25T16:20:37.781963 #2462] DEBUG -- : #<MatchData "new_flow" cmd:"new_flow" args:"">
D, [2024-04-25T16:48:39.738147 #2462] DEBUG -- : #<MatchData "q" cmd:"q" args:"">
D, [2024-04-25T16:48:55.821318 #3330] DEBUG -- : #<MatchData "test" cmd:"test" args:"">
D, [2024-04-25T16:49:00.199427 #3330] DEBUG -- : #<MatchData "commands" cmd:"commands" args:"">
D, [2024-04-25T16:49:00.200344 #3330] DEBUG -- : [:insert_item, :new_flow, :delete_item_at, :item_name_at, :delete_flow, :delete_item, :exit, :quit, :commands, :test, :call, :cmd_win=, :q, :push_item]
D, [2024-04-26T16:00:58.965760 #2197] DEBUG -- : #<MatchData "test" cmd:"test" args:"">
D, [2024-04-26T16:01:03.892047 #2197] DEBUG -- : #<MatchData "commands" cmd:"commands" args:"">
D, [2024-04-26T16:01:03.893058 #2197] DEBUG -- : [:insert_item, :new_flow, :delete_item_at, :item_name_at, :delete_flow, :delete_item, :exit, :quit, :test, :commands, :call, :cmd_win=, :q, :push_item]
D, [2024-04-26T16:10:24.978561 #2197] DEBUG -- : #<MatchData "push_item" cmd:"push_item" args:"">
D, [2024-04-26T16:10:55.603694 #2197] DEBUG -- : #<MatchData "push_item Item::Input('sora')" cmd:"push_item" args:"Item::Input('sora')">
D, [2024-04-26T16:11:31.198565 #2197] DEBUG -- : #<MatchData "push_item 0, Item::Input('Aaaa')" cmd:"push_item" args:"0, Item::Input('Aaaa')">
D, [2024-04-26T16:13:59.467158 #2474] DEBUG -- : #<MatchData "new_flow 0" cmd:"new_flow" args:"0">
D, [2024-04-26T16:14:08.148414 #2474] DEBUG -- : #<MatchData "new flow" cmd:"new" args:"flow">
D, [2024-04-26T16:14:14.724045 #2474] DEBUG -- : #<MatchData "new_flow" cmd:"new_flow" args:"">
D, [2024-04-26T16:14:46.814948 #2474] DEBUG -- : #<MatchData "test" cmd:"test" args:"">
D, [2024-04-26T16:14:54.743658 #2474] DEBUG -- : #<MatchData "new_flow" cmd:"new_flow" args:"">
D, [2024-04-26T16:14:59.717418 #2474] DEBUG -- : #<MatchData "new_flow 1" cmd:"new_flow" args:"1">
D, [2024-04-26T16:15:03.599001 #2474] DEBUG -- : #<MatchData "q" cmd:"q" args:"">
D, [2024-04-26T16:15:12.387548 #2493] DEBUG -- : #<MatchData "new_flow 1" cmd:"new_flow" args:"1">
D, [2024-04-26T16:26:47.008094 #2684] DEBUG -- : #<MatchData "te" cmd:"te" args:"">
D, [2024-04-26T16:26:54.417219 #2684] DEBUG -- : #<MatchData "push" cmd:"push" args:"">
D, [2024-04-26T16:26:57.126508 #2684] DEBUG -- : #<MatchData "commands" cmd:"commands" args:"">
D, [2024-04-26T16:26:57.127388 #2684] DEBUG -- : [:insert_item, :new_flow, :delete_item_at, :item_name_at, :delete_flow, :delete_item, :exit, :quit, :test, :commands, :call, :cmd_win=, :q, :push_item]
D, [2024-04-26T16:27:03.735291 #2684] DEBUG -- : #<MatchData "insert_item" cmd:"insert_item" args:"">
D, [2024-04-26T16:27:43.199713 #2684] DEBUG -- : #<MatchData "commands" cmd:"commands" args:"">
D, [2024-04-26T16:27:43.200605 #2684] DEBUG -- : [:insert_item, :new_flow, :delete_item_at, :item_name_at, :delete_flow, :delete_item, :exit, :quit, :test, :commands, :call, :cmd_win=, :q, :push_item]
D, [2024-04-26T16:28:02.335950 #2684] DEBUG -- : #<MatchData "test" cmd:"test" args:"">
D, [2024-04-26T16:28:04.852910 #2684] DEBUG -- : #<MatchData "test 1" cmd:"test" args:"1">
D, [2024-04-26T16:28:13.500118 #2684] DEBUG -- : #<MatchData "new_flow" cmd:"new_flow" args:"">
D, [2024-04-26T16:28:18.342867 #2684] DEBUG -- : #<MatchData "new_flow 1" cmd:"new_flow" args:"1">
D, [2024-04-26T16:43:33.723343 #2798] DEBUG -- : #<MatchData "push_item 1" cmd:"push_item" args:"1">
D, [2024-04-26T16:46:47.959259 #2834] DEBUG -- : #<MatchData "push_item 10, 20" cmd:"push_item" args:"10, 20">
D, [2024-04-26T16:46:53.896229 #2834] DEBUG -- : #<MatchData "push_item" cmd:"push_item" args:"">
D, [2024-04-26T16:47:07.886412 #2834] DEBUG -- : #<MatchData "create_" cmd:"create_" args:"">
D, [2024-04-26T16:47:10.402978 #2834] DEBUG -- : #<MatchData "commands" cmd:"commands" args:"">
D, [2024-04-26T16:47:10.403862 #2834] DEBUG -- : [:insert_item, :new_flow, :delete_flow, :delete_item_at, :item_name_at, :delete_item, :exit, :quit, :test, :commands, :call, :cmd_win=, :q, :push_item]
D, [2024-04-26T16:48:34.897783 #2834] DEBUG -- : #<MatchData "new_flow" cmd:"new_flow" args:"">
D, [2024-04-26T16:48:40.990126 #2834] DEBUG -- : #<MatchData "new_flow 1" cmd:"new_flow" args:"1">
D, [2024-04-30T16:00:55.187896 #2040] DEBUG -- : #<MatchData "te" cmd:"te" args:"">
D, [2024-04-30T16:00:56.557630 #2040] DEBUG -- : #<MatchData "aa" cmd:"aa" args:"">
D, [2024-04-30T16:00:57.589763 #2040] DEBUG -- : #<MatchData "q" cmd:"q" args:"">
D, [2024-04-30T16:15:49.873054 #2336] DEBUG -- : #<MatchData "test" cmd:"test" args:"">
D, [2024-04-30T16:16:00.887523 #2336] DEBUG -- : #<MatchData "push_expand(" cmd:"push_expand" args:"(">
D, [2024-04-30T16:16:04.092336 #2336] DEBUG -- : #<MatchData "commands" cmd:"commands" args:"">
D, [2024-04-30T16:16:04.093286 #2336] DEBUG -- : [:insert_item, :new_flow, :delete_flow, :delete_item_at, :item_name_at, :delete_item, :exit, :quit, :test, :commands, :call, :cmd_win=, :q, :push_item]
D, [2024-04-30T16:16:22.714406 #2336] DEBUG -- : #<MatchData "now_flow(0)" cmd:"now_flow" args:"(0)">
D, [2024-04-30T16:16:30.512330 #2336] DEBUG -- : #<MatchData "new_flow 0" cmd:"new_flow" args:"0">
D, [2024-04-30T16:31:49.158252 #2550] DEBUG -- : #<MatchData "q" cmd:"q" args:"">
D, [2024-04-30T16:32:02.972688 #2566] DEBUG -- : #<MatchData "q" cmd:"q" args:"">
D, [2024-04-30T16:32:16.914003 #2582] DEBUG -- : #<MatchData "q" cmd:"q" args:"">
D, [2024-04-30T16:33:13.690398 #2601] DEBUG -- : #<MatchData "aa" cmd:"aa" args:"">
D, [2024-04-30T16:33:26.862262 #2601] DEBUG -- : #<MatchData "insert_item" cmd:"insert_item" args:"">
D, [2024-04-30T16:33:34.739130 #2601] DEBUG -- : #<MatchData "commands" cmd:"commands" args:"">
D, [2024-04-30T16:33:34.740227 #2601] DEBUG -- : [:insert_item, :new_flow, :delete_flow, :delete_item_at, :item_name_at, :delete_item, :exit, :quit, :test, :commands, :call, :cmd_win=, :q, :push_item]
D, [2024-04-30T16:33:49.030236 #2601] DEBUG -- : #<MatchData "new_flow(0)" cmd:"new_flow" args:"(0)">
D, [2024-04-30T16:33:58.267875 #2601] DEBUG -- : #<MatchData "new_flow(1)" cmd:"new_flow" args:"(1)">
D, [2024-04-30T16:34:10.970111 #2601] DEBUG -- : #<MatchData "new_flow(10)" cmd:"new_flow" args:"(10)">
D, [2024-04-30T16:37:07.007061 #2601] DEBUG -- : #<MatchData "q" cmd:"q" args:"">
D, [2024-04-30T16:37:24.449937 #2643] DEBUG -- : #<MatchData "new_flow" cmd:"new_flow" args:"">
D, [2024-04-30T16:37:33.708808 #2643] DEBUG -- : #<MatchData "new_flow" cmd:"new_flow" args:"">
D, [2024-04-30T16:40:05.087259 #2643] DEBUG -- : #<MatchData "s:q" cmd:"s" args:":q">
D, [2024-04-30T16:40:06.454995 #2643] DEBUG -- : #<MatchData "q" cmd:"q" args:"">
D, [2024-04-30T16:41:44.667863 #2702] DEBUG -- : #<MatchData "new_flow" cmd:"new_flow" args:"">
D, [2024-04-30T16:42:05.978938 #2702] DEBUG -- : #<MatchData "q" cmd:"q" args:"">
D, [2024-04-30T16:42:11.505489 #2719] DEBUG -- : #<MatchData "new_flow" cmd:"new_flow" args:"">
D, [2024-04-30T16:42:15.538937 #2719] DEBUG -- : #<MatchData "flow" cmd:"flow" args:"">
D, [2024-04-30T16:43:30.868991 #2719] DEBUG -- : #<MatchData "q" cmd:"q" args:"">
